This file contains any messages produced by compilers while
running configure, to aid debugging if configure makes a mistake.

It was created by nrpe configure 2.13, which was
generated by GNU Autoconf 2.63.  Invocation command line was

  $ ./configure --with-nrpe-user=nagios --with-nagios-group=nagcmd --enable-command-args

## --------- ##
## Platform. ##
## --------- ##

hostname = localhost.localdomain
uname -m = x86_64
uname -r = 3.10.0-229.el7.x86_64
uname -s = Linux
uname -v = #1 SMP Fri Mar 6 11:36:42 UTC 2015

/usr/bin/uname -p = x86_64
/bin/uname -X     = unknown

/bin/arch              = x86_64
/usr/bin/arch -k       = unknown
/usr/convex/getsysinfo = unknown
/usr/bin/hostinfo      = unknown
/bin/machine           = unknown
/usr/bin/oslevel       = unknown
/bin/universe          = unknown

PATH: /usr/local/sbin
PATH: /usr/local/bin
PATH: /usr/sbin
PATH: /usr/bin
PATH: /root/bin


## ----------- ##
## Core tests. ##
## ----------- ##

configure:1910: checking for a BSD-compatible install
configure:1978: result: /usr/bin/install -c
configure:1997: checking build system type
configure:2015: result: x86_64-unknown-linux-gnu
configure:2037: checking host system type
configure:2052: result: x86_64-unknown-linux-gnu
configure:2123: checking for gcc
configure:2139: found /usr/bin/gcc
configure:2150: result: gcc
configure:2382: checking for C compiler version
configure:2390: gcc --version >&5
gcc (GCC) 4.8.5 20150623 (Red Hat 4.8.5-4)
Copyright (C) 2015 Free Software Foundation, Inc.
This is free software; see the source for copying conditions.  There is NO
warranty; not even for MERCHANTABILITY or FITNESS FOR A PARTICULAR PURPOSE.

configure:2394: $? = 0
configure:2401: gcc -v >&5
Using built-in specs.
COLLECT_GCC=gcc
COLLECT_LTO_WRAPPER=/usr/libexec/gcc/x86_64-redhat-linux/4.8.5/lto-wrapper
Target: x86_64-redhat-linux
Configured with: ../configure --prefix=/usr --mandir=/usr/share/man --infodir=/usr/share/info --with-bugurl=http://bugzilla.redhat.com/bugzilla --enable-bootstrap --enable-shared --enable-threads=posix --enable-checking=release --with-system-zlib --enable-__cxa_atexit --disable-libunwind-exceptions --enable-gnu-unique-object --enable-linker-build-id --with-linker-hash-style=gnu --enable-languages=c,c++,objc,obj-c++,java,fortran,ada,go,lto --enable-plugin --enable-initfini-array --disable-libgcj --with-isl=/builddir/build/BUILD/gcc-4.8.5-20150702/obj-x86_64-redhat-linux/isl-install --with-cloog=/builddir/build/BUILD/gcc-4.8.5-20150702/obj-x86_64-redhat-linux/cloog-install --enable-gnu-indirect-function --with-tune=generic --with-arch_32=x86-64 --build=x86_64-redhat-linux
Thread model: posix
gcc version 4.8.5 20150623 (Red Hat 4.8.5-4) (GCC) 
configure:2405: $? = 0
configure:2412: gcc -V >&5
gcc: error: unrecognized command line option '-V'
gcc: fatal error: no input files
compilation terminated.
configure:2416: $? = 4
configure:2439: checking for C compiler default output file name
configure:2461: gcc    conftest.c  >&5
configure:2465: $? = 0
configure:2503: result: a.out
configure:2522: checking whether the C compiler works
configure:2532: ./a.out
configure:2536: $? = 0
configure:2555: result: yes
configure:2562: checking whether we are cross compiling
configure:2564: result: no
configure:2567: checking for suffix of executables
configure:2574: gcc -o conftest    conftest.c  >&5
configure:2578: $? = 0
configure:2604: result: 
configure:2610: checking for suffix of object files
configure:2636: gcc -c   conftest.c >&5
configure:2640: $? = 0
configure:2665: result: o
configure:2669: checking whether we are using the GNU C compiler
configure:2698: gcc -c   conftest.c >&5
configure:2705: $? = 0
configure:2722: result: yes
configure:2731: checking whether gcc accepts -g
configure:2761: gcc -c -g  conftest.c >&5
configure:2768: $? = 0
configure:2869: result: yes
configure:2886: checking for gcc option to accept ISO C89
configure:2960: gcc  -c -g -O2  conftest.c >&5
configure:2967: $? = 0
configure:2990: result: none needed
configure:3008: checking whether make sets $(MAKE)
configure:3030: result: yes
configure:3046: checking how to run the C preprocessor
configure:3086: gcc -E  conftest.c
configure:3093: $? = 0
configure:3124: gcc -E  conftest.c
conftest.c:8:28: fatal error: ac_nonexistent.h: No such file or directory
 #include <ac_nonexistent.h>
                            ^
compilation terminated.
configure:3131: $? = 1
configure: failed program was:
| /* confdefs.h.  */
| #define PACKAGE_NAME "nrpe"
| #define PACKAGE_TARNAME "nrpe"
| #define PACKAGE_VERSION "2.13"
| #define PACKAGE_STRING "nrpe 2.13"
| #define PACKAGE_BUGREPORT "nagios-users@lists.sourceforge.net"
| /* end confdefs.h.  */
| #include <ac_nonexistent.h>
configure:3164: result: gcc -E
configure:3193: gcc -E  conftest.c
configure:3200: $? = 0
configure:3231: gcc -E  conftest.c
conftest.c:8:28: fatal error: ac_nonexistent.h: No such file or directory
 #include <ac_nonexistent.h>
                            ^
compilation terminated.
configure:3238: $? = 1
configure: failed program was:
| /* confdefs.h.  */
| #define PACKAGE_NAME "nrpe"
| #define PACKAGE_TARNAME "nrpe"
| #define PACKAGE_VERSION "2.13"
| #define PACKAGE_STRING "nrpe 2.13"
| #define PACKAGE_BUGREPORT "nagios-users@lists.sourceforge.net"
| /* end confdefs.h.  */
| #include <ac_nonexistent.h>
configure:3278: checking for grep that handles long lines and -e
configure:3338: result: /usr/bin/grep
configure:3343: checking for egrep
configure:3407: result: /usr/bin/grep -E
configure:3412: checking for ANSI C header files
configure:3442: gcc -c -g -O2  conftest.c >&5
configure:3449: $? = 0
configure:3548: gcc -o conftest -g -O2   conftest.c  >&5
configure:3552: $? = 0
configure:3558: ./conftest
configure:3562: $? = 0
configure:3580: result: yes
configure:3590: checking whether time.h and sys/time.h may both be included
configure:3620: gcc -c -g -O2  conftest.c >&5
configure:3627: $? = 0
configure:3642: result: yes
configure:3652: checking for sys/wait.h that is POSIX.1 compatible
configure:3688: gcc -c -g -O2  conftest.c >&5
configure:3695: $? = 0
configure:3710: result: yes
configure:3734: checking for sys/types.h
configure:3755: gcc -c -g -O2  conftest.c >&5
configure:3762: $? = 0
configure:3779: result: yes
configure:3734: checking for sys/stat.h
configure:3755: gcc -c -g -O2  conftest.c >&5
configure:3762: $? = 0
configure:3779: result: yes
configure:3734: checking for stdlib.h
configure:3755: gcc -c -g -O2  conftest.c >&5
configure:3762: $? = 0
configure:3779: result: yes
configure:3734: checking for string.h
configure:3755: gcc -c -g -O2  conftest.c >&5
configure:3762: $? = 0
configure:3779: result: yes
configure:3734: checking for memory.h
configure:3755: gcc -c -g -O2  conftest.c >&5
configure:3762: $? = 0
configure:3779: result: yes
configure:3734: checking for strings.h
configure:3755: gcc -c -g -O2  conftest.c >&5
configure:3762: $? = 0
configure:3779: result: yes
configure:3734: checking for inttypes.h
configure:3755: gcc -c -g -O2  conftest.c >&5
configure:3762: $? = 0
configure:3779: result: yes
configure:3734: checking for stdint.h
configure:3755: gcc -c -g -O2  conftest.c >&5
configure:3762: $? = 0
configure:3779: result: yes
configure:3734: checking for unistd.h
configure:3755: gcc -c -g -O2  conftest.c >&5
configure:3762: $? = 0
configure:3779: result: yes
configure:3833: checking ctype.h usability
configure:3850: gcc -c -g -O2  conftest.c >&5
configure:3857: $? = 0
configure:3871: result: yes
configure:3875: checking ctype.h presence
configure:3890: gcc -E  conftest.c
configure:3897: $? = 0
configure:3911: result: yes
configure:3944: checking for ctype.h
configure:3953: result: yes
configure:3833: checking dirent.h usability
configure:3850: gcc -c -g -O2  conftest.c >&5
configure:3857: $? = 0
configure:3871: result: yes
configure:3875: checking dirent.h presence
configure:3890: gcc -E  conftest.c
configure:3897: $? = 0
configure:3911: result: yes
configure:3944: checking for dirent.h
configure:3953: result: yes
configure:3833: checking errno.h usability
configure:3850: gcc -c -g -O2  conftest.c >&5
configure:3857: $? = 0
configure:3871: result: yes
configure:3875: checking errno.h presence
configure:3890: gcc -E  conftest.c
configure:3897: $? = 0
configure:3911: result: yes
configure:3944: checking for errno.h
configure:3953: result: yes
configure:3833: checking fcntl.h usability
configure:3850: gcc -c -g -O2  conftest.c >&5
configure:3857: $? = 0
configure:3871: result: yes
configure:3875: checking fcntl.h presence
configure:3890: gcc -E  conftest.c
configure:3897: $? = 0
configure:3911: result: yes
configure:3944: checking for fcntl.h
configure:3953: result: yes
configure:3833: checking getopt.h usability
configure:3850: gcc -c -g -O2  conftest.c >&5
configure:3857: $? = 0
configure:3871: result: yes
configure:3875: checking getopt.h presence
configure:3890: gcc -E  conftest.c
configure:3897: $? = 0
configure:3911: result: yes
configure:3944: checking for getopt.h
configure:3953: result: yes
configure:3833: checking grp.h usability
configure:3850: gcc -c -g -O2  conftest.c >&5
configure:3857: $? = 0
configure:3871: result: yes
configure:3875: checking grp.h presence
configure:3890: gcc -E  conftest.c
configure:3897: $? = 0
configure:3911: result: yes
configure:3944: checking for grp.h
configure:3953: result: yes
configure:3822: checking for inttypes.h
configure:3829: result: yes
configure:3833: checking netdb.h usability
configure:3850: gcc -c -g -O2  conftest.c >&5
configure:3857: $? = 0
configure:3871: result: yes
configure:3875: checking netdb.h presence
configure:3890: gcc -E  conftest.c
configure:3897: $? = 0
configure:3911: result: yes
configure:3944: checking for netdb.h
configure:3953: result: yes
configure:3833: checking pwd.h usability
configure:3850: gcc -c -g -O2  conftest.c >&5
configure:3857: $? = 0
configure:3871: result: yes
configure:3875: checking pwd.h presence
configure:3890: gcc -E  conftest.c
configure:3897: $? = 0
configure:3911: result: yes
configure:3944: checking for pwd.h
configure:3953: result: yes
configure:3833: checking signal.h usability
configure:3850: gcc -c -g -O2  conftest.c >&5
configure:3857: $? = 0
configure:3871: result: yes
configure:3875: checking signal.h presence
configure:3890: gcc -E  conftest.c
configure:3897: $? = 0
configure:3911: result: yes
configure:3944: checking for signal.h
configure:3953: result: yes
configure:3822: checking for stdint.h
configure:3829: result: yes
configure:3822: checking for strings.h
configure:3829: result: yes
configure:3822: checking for string.h
configure:3829: result: yes
configure:3833: checking syslog.h usability
configure:3850: gcc -c -g -O2  conftest.c >&5
configure:3857: $? = 0
configure:3871: result: yes
configure:3875: checking syslog.h presence
configure:3890: gcc -E  conftest.c
configure:3897: $? = 0
configure:3911: result: yes
configure:3944: checking for syslog.h
configure:3953: result: yes
configure:3833: checking tcpd.h usability
configure:3850: gcc -c -g -O2  conftest.c >&5
configure:3857: $? = 0
configure:3871: result: yes
configure:3875: checking tcpd.h presence
configure:3890: gcc -E  conftest.c
configure:3897: $? = 0
configure:3911: result: yes
configure:3944: checking for tcpd.h
configure:3953: result: yes
configure:3822: checking for unistd.h
configure:3829: result: yes
configure:3833: checking arpa/inet.h usability
configure:3850: gcc -c -g -O2  conftest.c >&5
configure:3857: $? = 0
configure:3871: result: yes
configure:3875: checking arpa/inet.h presence
configure:3890: gcc -E  conftest.c
configure:3897: $? = 0
configure:3911: result: yes
configure:3944: checking for arpa/inet.h
configure:3953: result: yes
configure:3833: checking netinet/in.h usability
configure:3850: gcc -c -g -O2  conftest.c >&5
configure:3857: $? = 0
configure:3871: result: yes
configure:3875: checking netinet/in.h presence
configure:3890: gcc -E  conftest.c
configure:3897: $? = 0
configure:3911: result: yes
configure:3944: checking for netinet/in.h
configure:3953: result: yes
configure:3833: checking socket.h usability
configure:3850: gcc -c -g -O2  conftest.c >&5
conftest.c:71:20: fatal error: socket.h: No such file or directory
 #include <socket.h>
                    ^
compilation terminated.
configure:3857: $? = 1
configure: failed program was:
| /* confdefs.h.  */
| #define PACKAGE_NAME "nrpe"
| #define PACKAGE_TARNAME "nrpe"
| #define PACKAGE_VERSION "2.13"
| #define PACKAGE_STRING "nrpe 2.13"
| #define PACKAGE_BUGREPORT "nagios-users@lists.sourceforge.net"
| #define STDC_HEADERS 1
| #define TIME_WITH_SYS_TIME 1
| #define HAVE_SYS_WAIT_H 1
| #define HAVE_SYS_TYPES_H 1
| #define HAVE_SYS_STAT_H 1
| #define HAVE_STDLIB_H 1
| #define HAVE_STRING_H 1
| #define HAVE_MEMORY_H 1
| #define HAVE_STRINGS_H 1
| #define HAVE_INTTYPES_H 1
| #define HAVE_STDINT_H 1
| #define HAVE_UNISTD_H 1
| #define HAVE_CTYPE_H 1
| #define HAVE_DIRENT_H 1
| #define HAVE_ERRNO_H 1
| #define HAVE_FCNTL_H 1
| #define HAVE_GETOPT_H 1
| #define HAVE_GRP_H 1
| #define HAVE_INTTYPES_H 1
| #define HAVE_NETDB_H 1
| #define HAVE_PWD_H 1
| #define HAVE_SIGNAL_H 1
| #define HAVE_STDINT_H 1
| #define HAVE_STRINGS_H 1
| #define HAVE_STRING_H 1
| #define HAVE_SYSLOG_H 1
| #define HAVE_TCPD_H 1
| #define HAVE_UNISTD_H 1
| #define HAVE_ARPA_INET_H 1
| #define HAVE_NETINET_IN_H 1
| /* end confdefs.h.  */
| #include <stdio.h>
| #ifdef HAVE_SYS_TYPES_H
| # include <sys/types.h>
| #endif
| #ifdef HAVE_SYS_STAT_H
| # include <sys/stat.h>
| #endif
| #ifdef STDC_HEADERS
| # include <stdlib.h>
| # include <stddef.h>
| #else
| # ifdef HAVE_STDLIB_H
| #  include <stdlib.h>
| # endif
| #endif
| #ifdef HAVE_STRING_H
| # if !defined STDC_HEADERS && defined HAVE_MEMORY_H
| #  include <memory.h>
| # endif
| # include <string.h>
| #endif
| #ifdef HAVE_STRINGS_H
| # include <strings.h>
| #endif
| #ifdef HAVE_INTTYPES_H
| # include <inttypes.h>
| #endif
| #ifdef HAVE_STDINT_H
| # include <stdint.h>
| #endif
| #ifdef HAVE_UNISTD_H
| # include <unistd.h>
| #endif
| #include <socket.h>
configure:3871: result: no
configure:3875: checking socket.h presence
configure:3890: gcc -E  conftest.c
conftest.c:38:20: fatal error: socket.h: No such file or directory
 #include <socket.h>
                    ^
compilation terminated.
configure:3897: $? = 1
configure: failed program was:
| /* confdefs.h.  */
| #define PACKAGE_NAME "nrpe"
| #define PACKAGE_TARNAME "nrpe"
| #define PACKAGE_VERSION "2.13"
| #define PACKAGE_STRING "nrpe 2.13"
| #define PACKAGE_BUGREPORT "nagios-users@lists.sourceforge.net"
| #define STDC_HEADERS 1
| #define TIME_WITH_SYS_TIME 1
| #define HAVE_SYS_WAIT_H 1
| #define HAVE_SYS_TYPES_H 1
| #define HAVE_SYS_STAT_H 1
| #define HAVE_STDLIB_H 1
| #define HAVE_STRING_H 1
| #define HAVE_MEMORY_H 1
| #define HAVE_STRINGS_H 1
| #define HAVE_INTTYPES_H 1
| #define HAVE_STDINT_H 1
| #define HAVE_UNISTD_H 1
| #define HAVE_CTYPE_H 1
| #define HAVE_DIRENT_H 1
| #define HAVE_ERRNO_H 1
| #define HAVE_FCNTL_H 1
| #define HAVE_GETOPT_H 1
| #define HAVE_GRP_H 1
| #define HAVE_INTTYPES_H 1
| #define HAVE_NETDB_H 1
| #define HAVE_PWD_H 1
| #define HAVE_SIGNAL_H 1
| #define HAVE_STDINT_H 1
| #define HAVE_STRINGS_H 1
| #define HAVE_STRING_H 1
| #define HAVE_SYSLOG_H 1
| #define HAVE_TCPD_H 1
| #define HAVE_UNISTD_H 1
| #define HAVE_ARPA_INET_H 1
| #define HAVE_NETINET_IN_H 1
| /* end confdefs.h.  */
| #include <socket.h>
configure:3911: result: no
configure:3944: checking for socket.h
configure:3953: result: no
configure:3822: checking for sys/types.h
configure:3829: result: yes
configure:3833: checking sys/time.h usability
configure:3850: gcc -c -g -O2  conftest.c >&5
configure:3857: $? = 0
configure:3871: result: yes
configure:3875: checking sys/time.h presence
configure:3890: gcc -E  conftest.c
configure:3897: $? = 0
configure:3911: result: yes
configure:3944: checking for sys/time.h
configure:3953: result: yes
configure:3833: checking sys/resource.h usability
configure:3850: gcc -c -g -O2  conftest.c >&5
configure:3857: $? = 0
configure:3871: result: yes
configure:3875: checking sys/resource.h presence
configure:3890: gcc -E  conftest.c
configure:3897: $? = 0
configure:3911: result: yes
configure:3944: checking for sys/resource.h
configure:3953: result: yes
configure:3822: checking for sys/wait.h
configure:3829: result: yes
configure:3833: checking sys/socket.h usability
configure:3850: gcc -c -g -O2  conftest.c >&5
configure:3857: $? = 0
configure:3871: result: yes
configure:3875: checking sys/socket.h presence
configure:3890: gcc -E  conftest.c
configure:3897: $? = 0
configure:3911: result: yes
configure:3944: checking for sys/socket.h
configure:3953: result: yes
configure:3822: checking for sys/stat.h
configure:3829: result: yes
configure:3969: checking for an ANSI C-conforming const
configure:4044: gcc -c -g -O2  conftest.c >&5
configure:4051: $? = 0
configure:4066: result: yes
configure:4076: checking whether struct tm is in sys/time.h or time.h
configure:4106: gcc -c -g -O2  conftest.c >&5
configure:4113: $? = 0
configure:4128: result: time.h
configure:4138: checking for mode_t
configure:4166: gcc -c -g -O2  conftest.c >&5
configure:4173: $? = 0
configure:4200: gcc -c -g -O2  conftest.c >&5
conftest.c: In function 'main':
conftest.c:80:21: error: expected expression before ')' token
 if (sizeof ((mode_t)))
                     ^
configure:4207: $? = 1
configure: failed program was:
| /* confdefs.h.  */
| #define PACKAGE_NAME "nrpe"
| #define PACKAGE_TARNAME "nrpe"
| #define PACKAGE_VERSION "2.13"
| #define PACKAGE_STRING "nrpe 2.13"
| #define PACKAGE_BUGREPORT "nagios-users@lists.sourceforge.net"
| #define STDC_HEADERS 1
| #define TIME_WITH_SYS_TIME 1
| #define HAVE_SYS_WAIT_H 1
| #define HAVE_SYS_TYPES_H 1
| #define HAVE_SYS_STAT_H 1
| #define HAVE_STDLIB_H 1
| #define HAVE_STRING_H 1
| #define HAVE_MEMORY_H 1
| #define HAVE_STRINGS_H 1
| #define HAVE_INTTYPES_H 1
| #define HAVE_STDINT_H 1
| #define HAVE_UNISTD_H 1
| #define HAVE_CTYPE_H 1
| #define HAVE_DIRENT_H 1
| #define HAVE_ERRNO_H 1
| #define HAVE_FCNTL_H 1
| #define HAVE_GETOPT_H 1
| #define HAVE_GRP_H 1
| #define HAVE_INTTYPES_H 1
| #define HAVE_NETDB_H 1
| #define HAVE_PWD_H 1
| #define HAVE_SIGNAL_H 1
| #define HAVE_STDINT_H 1
| #define HAVE_STRINGS_H 1
| #define HAVE_STRING_H 1
| #define HAVE_SYSLOG_H 1
| #define HAVE_TCPD_H 1
| #define HAVE_UNISTD_H 1
| #define HAVE_ARPA_INET_H 1
| #define HAVE_NETINET_IN_H 1
| #define HAVE_SYS_TYPES_H 1
| #define HAVE_SYS_TIME_H 1
| #define HAVE_SYS_RESOURCE_H 1
| #define HAVE_SYS_WAIT_H 1
| #define HAVE_SYS_SOCKET_H 1
| #define HAVE_SYS_STAT_H 1
| /* end confdefs.h.  */
| #include <stdio.h>
| #ifdef HAVE_SYS_TYPES_H
| # include <sys/types.h>
| #endif
| #ifdef HAVE_SYS_STAT_H
| # include <sys/stat.h>
| #endif
| #ifdef STDC_HEADERS
| # include <stdlib.h>
| # include <stddef.h>
| #else
| # ifdef HAVE_STDLIB_H
| #  include <stdlib.h>
| # endif
| #endif
| #ifdef HAVE_STRING_H
| # if !defined STDC_HEADERS && defined HAVE_MEMORY_H
| #  include <memory.h>
| # endif
| # include <string.h>
| #endif
| #ifdef HAVE_STRINGS_H
| # include <strings.h>
| #endif
| #ifdef HAVE_INTTYPES_H
| # include <inttypes.h>
| #endif
| #ifdef HAVE_STDINT_H
| # include <stdint.h>
| #endif
| #ifdef HAVE_UNISTD_H
| # include <unistd.h>
| #endif
| int
| main ()
| {
| if (sizeof ((mode_t)))
| 	  return 0;
|   ;
|   return 0;
| }
configure:4230: result: yes
configure:4242: checking for pid_t
configure:4270: gcc -c -g -O2  conftest.c >&5
configure:4277: $? = 0
configure:4304: gcc -c -g -O2  conftest.c >&5
conftest.c: In function 'main':
conftest.c:80:20: error: expected expression before ')' token
 if (sizeof ((pid_t)))
                    ^
configure:4311: $? = 1
configure: failed program was:
| /* confdefs.h.  */
| #define PACKAGE_NAME "nrpe"
| #define PACKAGE_TARNAME "nrpe"
| #define PACKAGE_VERSION "2.13"
| #define PACKAGE_STRING "nrpe 2.13"
| #define PACKAGE_BUGREPORT "nagios-users@lists.sourceforge.net"
| #define STDC_HEADERS 1
| #define TIME_WITH_SYS_TIME 1
| #define HAVE_SYS_WAIT_H 1
| #define HAVE_SYS_TYPES_H 1
| #define HAVE_SYS_STAT_H 1
| #define HAVE_STDLIB_H 1
| #define HAVE_STRING_H 1
| #define HAVE_MEMORY_H 1
| #define HAVE_STRINGS_H 1
| #define HAVE_INTTYPES_H 1
| #define HAVE_STDINT_H 1
| #define HAVE_UNISTD_H 1
| #define HAVE_CTYPE_H 1
| #define HAVE_DIRENT_H 1
| #define HAVE_ERRNO_H 1
| #define HAVE_FCNTL_H 1
| #define HAVE_GETOPT_H 1
| #define HAVE_GRP_H 1
| #define HAVE_INTTYPES_H 1
| #define HAVE_NETDB_H 1
| #define HAVE_PWD_H 1
| #define HAVE_SIGNAL_H 1
| #define HAVE_STDINT_H 1
| #define HAVE_STRINGS_H 1
| #define HAVE_STRING_H 1
| #define HAVE_SYSLOG_H 1
| #define HAVE_TCPD_H 1
| #define HAVE_UNISTD_H 1
| #define HAVE_ARPA_INET_H 1
| #define HAVE_NETINET_IN_H 1
| #define HAVE_SYS_TYPES_H 1
| #define HAVE_SYS_TIME_H 1
| #define HAVE_SYS_RESOURCE_H 1
| #define HAVE_SYS_WAIT_H 1
| #define HAVE_SYS_SOCKET_H 1
| #define HAVE_SYS_STAT_H 1
| /* end confdefs.h.  */
| #include <stdio.h>
| #ifdef HAVE_SYS_TYPES_H
| # include <sys/types.h>
| #endif
| #ifdef HAVE_SYS_STAT_H
| # include <sys/stat.h>
| #endif
| #ifdef STDC_HEADERS
| # include <stdlib.h>
| # include <stddef.h>
| #else
| # ifdef HAVE_STDLIB_H
| #  include <stdlib.h>
| # endif
| #endif
| #ifdef HAVE_STRING_H
| # if !defined STDC_HEADERS && defined HAVE_MEMORY_H
| #  include <memory.h>
| # endif
| # include <string.h>
| #endif
| #ifdef HAVE_STRINGS_H
| # include <strings.h>
| #endif
| #ifdef HAVE_INTTYPES_H
| # include <inttypes.h>
| #endif
| #ifdef HAVE_STDINT_H
| # include <stdint.h>
| #endif
| #ifdef HAVE_UNISTD_H
| # include <unistd.h>
| #endif
| int
| main ()
| {
| if (sizeof ((pid_t)))
| 	  return 0;
|   ;
|   return 0;
| }
configure:4334: result: yes
configure:4346: checking for size_t
configure:4374: gcc -c -g -O2  conftest.c >&5
configure:4381: $? = 0
configure:4408: gcc -c -g -O2  conftest.c >&5
conftest.c: In function 'main':
conftest.c:80:21: error: expected expression before ')' token
 if (sizeof ((size_t)))
                     ^
configure:4415: $? = 1
configure: failed program was:
| /* confdefs.h.  */
| #define PACKAGE_NAME "nrpe"
| #define PACKAGE_TARNAME "nrpe"
| #define PACKAGE_VERSION "2.13"
| #define PACKAGE_STRING "nrpe 2.13"
| #define PACKAGE_BUGREPORT "nagios-users@lists.sourceforge.net"
| #define STDC_HEADERS 1
| #define TIME_WITH_SYS_TIME 1
| #define HAVE_SYS_WAIT_H 1
| #define HAVE_SYS_TYPES_H 1
| #define HAVE_SYS_STAT_H 1
| #define HAVE_STDLIB_H 1
| #define HAVE_STRING_H 1
| #define HAVE_MEMORY_H 1
| #define HAVE_STRINGS_H 1
| #define HAVE_INTTYPES_H 1
| #define HAVE_STDINT_H 1
| #define HAVE_UNISTD_H 1
| #define HAVE_CTYPE_H 1
| #define HAVE_DIRENT_H 1
| #define HAVE_ERRNO_H 1
| #define HAVE_FCNTL_H 1
| #define HAVE_GETOPT_H 1
| #define HAVE_GRP_H 1
| #define HAVE_INTTYPES_H 1
| #define HAVE_NETDB_H 1
| #define HAVE_PWD_H 1
| #define HAVE_SIGNAL_H 1
| #define HAVE_STDINT_H 1
| #define HAVE_STRINGS_H 1
| #define HAVE_STRING_H 1
| #define HAVE_SYSLOG_H 1
| #define HAVE_TCPD_H 1
| #define HAVE_UNISTD_H 1
| #define HAVE_ARPA_INET_H 1
| #define HAVE_NETINET_IN_H 1
| #define HAVE_SYS_TYPES_H 1
| #define HAVE_SYS_TIME_H 1
| #define HAVE_SYS_RESOURCE_H 1
| #define HAVE_SYS_WAIT_H 1
| #define HAVE_SYS_SOCKET_H 1
| #define HAVE_SYS_STAT_H 1
| /* end confdefs.h.  */
| #include <stdio.h>
| #ifdef HAVE_SYS_TYPES_H
| # include <sys/types.h>
| #endif
| #ifdef HAVE_SYS_STAT_H
| # include <sys/stat.h>
| #endif
| #ifdef STDC_HEADERS
| # include <stdlib.h>
| # include <stddef.h>
| #else
| # ifdef HAVE_STDLIB_H
| #  include <stdlib.h>
| # endif
| #endif
| #ifdef HAVE_STRING_H
| # if !defined STDC_HEADERS && defined HAVE_MEMORY_H
| #  include <memory.h>
| # endif
| # include <string.h>
| #endif
| #ifdef HAVE_STRINGS_H
| # include <strings.h>
| #endif
| #ifdef HAVE_INTTYPES_H
| # include <inttypes.h>
| #endif
| #ifdef HAVE_STDINT_H
| # include <stdint.h>
| #endif
| #ifdef HAVE_UNISTD_H
| # include <unistd.h>
| #endif
| int
| main ()
| {
| if (sizeof ((size_t)))
| 	  return 0;
|   ;
|   return 0;
| }
configure:4438: result: yes
configure:4450: checking return type of signal handlers
configure:4478: gcc -c -g -O2  conftest.c >&5
conftest.c: In function 'main':
conftest.c:50:1: error: void value not ignored as it ought to be
 return *(signal (0, 0)) (0) == 1;
 ^
configure:4485: $? = 1
configure: failed program was:
| /* confdefs.h.  */
| #define PACKAGE_NAME "nrpe"
| #define PACKAGE_TARNAME "nrpe"
| #define PACKAGE_VERSION "2.13"
| #define PACKAGE_STRING "nrpe 2.13"
| #define PACKAGE_BUGREPORT "nagios-users@lists.sourceforge.net"
| #define STDC_HEADERS 1
| #define TIME_WITH_SYS_TIME 1
| #define HAVE_SYS_WAIT_H 1
| #define HAVE_SYS_TYPES_H 1
| #define HAVE_SYS_STAT_H 1
| #define HAVE_STDLIB_H 1
| #define HAVE_STRING_H 1
| #define HAVE_MEMORY_H 1
| #define HAVE_STRINGS_H 1
| #define HAVE_INTTYPES_H 1
| #define HAVE_STDINT_H 1
| #define HAVE_UNISTD_H 1
| #define HAVE_CTYPE_H 1
| #define HAVE_DIRENT_H 1
| #define HAVE_ERRNO_H 1
| #define HAVE_FCNTL_H 1
| #define HAVE_GETOPT_H 1
| #define HAVE_GRP_H 1
| #define HAVE_INTTYPES_H 1
| #define HAVE_NETDB_H 1
| #define HAVE_PWD_H 1
| #define HAVE_SIGNAL_H 1
| #define HAVE_STDINT_H 1
| #define HAVE_STRINGS_H 1
| #define HAVE_STRING_H 1
| #define HAVE_SYSLOG_H 1
| #define HAVE_TCPD_H 1
| #define HAVE_UNISTD_H 1
| #define HAVE_ARPA_INET_H 1
| #define HAVE_NETINET_IN_H 1
| #define HAVE_SYS_TYPES_H 1
| #define HAVE_SYS_TIME_H 1
| #define HAVE_SYS_RESOURCE_H 1
| #define HAVE_SYS_WAIT_H 1
| #define HAVE_SYS_SOCKET_H 1
| #define HAVE_SYS_STAT_H 1
| /* end confdefs.h.  */
| #include <sys/types.h>
| #include <signal.h>
| 
| int
| main ()
| {
| return *(signal (0, 0)) (0) == 1;
|   ;
|   return 0;
| }
configure:4500: result: void
configure:4508: checking for uid_t in sys/types.h
configure:4531: result: yes
configure:4546: checking type of array argument to getgroups
configure:4590: gcc -o conftest -g -O2   conftest.c  >&5
configure:4594: $? = 0
configure:4600: ./conftest
configure:4604: $? = 0
configure:4640: result: gid_t
configure:4653: checking size of int
configure:4958: gcc -o conftest -g -O2   conftest.c  >&5
configure:4962: $? = 0
configure:4968: ./conftest
configure:4972: $? = 0
configure:4998: result: 4
configure:5012: checking size of short
configure:5317: gcc -o conftest -g -O2   conftest.c  >&5
configure:5321: $? = 0
configure:5327: ./conftest
configure:5331: $? = 0
configure:5357: result: 2
configure:5371: checking size of long
configure:5676: gcc -o conftest -g -O2   conftest.c  >&5
configure:5680: $? = 0
configure:5686: ./conftest
configure:5690: $? = 0
configure:5716: result: 8
configure:5727: checking for uint32_t
configure:5755: gcc -c -g -O2  conftest.c >&5
configure:5762: $? = 0
configure:5789: gcc -c -g -O2  conftest.c >&5
conftest.c: In function 'main':
conftest.c:85:23: error: expected expression before ')' token
 if (sizeof ((uint32_t)))
                       ^
configure:5796: $? = 1
configure: failed program was:
| /* confdefs.h.  */
| #define PACKAGE_NAME "nrpe"
| #define PACKAGE_TARNAME "nrpe"
| #define PACKAGE_VERSION "2.13"
| #define PACKAGE_STRING "nrpe 2.13"
| #define PACKAGE_BUGREPORT "nagios-users@lists.sourceforge.net"
| #define STDC_HEADERS 1
| #define TIME_WITH_SYS_TIME 1
| #define HAVE_SYS_WAIT_H 1
| #define HAVE_SYS_TYPES_H 1
| #define HAVE_SYS_STAT_H 1
| #define HAVE_STDLIB_H 1
| #define HAVE_STRING_H 1
| #define HAVE_MEMORY_H 1
| #define HAVE_STRINGS_H 1
| #define HAVE_INTTYPES_H 1
| #define HAVE_STDINT_H 1
| #define HAVE_UNISTD_H 1
| #define HAVE_CTYPE_H 1
| #define HAVE_DIRENT_H 1
| #define HAVE_ERRNO_H 1
| #define HAVE_FCNTL_H 1
| #define HAVE_GETOPT_H 1
| #define HAVE_GRP_H 1
| #define HAVE_INTTYPES_H 1
| #define HAVE_NETDB_H 1
| #define HAVE_PWD_H 1
| #define HAVE_SIGNAL_H 1
| #define HAVE_STDINT_H 1
| #define HAVE_STRINGS_H 1
| #define HAVE_STRING_H 1
| #define HAVE_SYSLOG_H 1
| #define HAVE_TCPD_H 1
| #define HAVE_UNISTD_H 1
| #define HAVE_ARPA_INET_H 1
| #define HAVE_NETINET_IN_H 1
| #define HAVE_SYS_TYPES_H 1
| #define HAVE_SYS_TIME_H 1
| #define HAVE_SYS_RESOURCE_H 1
| #define HAVE_SYS_WAIT_H 1
| #define HAVE_SYS_SOCKET_H 1
| #define HAVE_SYS_STAT_H 1
| #define RETSIGTYPE void
| #define GETGROUPS_T gid_t
| #define SIZEOF_INT 4
| #define SIZEOF_SHORT 2
| #define SIZEOF_LONG 8
| /* end confdefs.h.  */
| #include <stdio.h>
| #ifdef HAVE_SYS_TYPES_H
| # include <sys/types.h>
| #endif
| #ifdef HAVE_SYS_STAT_H
| # include <sys/stat.h>
| #endif
| #ifdef STDC_HEADERS
| # include <stdlib.h>
| # include <stddef.h>
| #else
| # ifdef HAVE_STDLIB_H
| #  include <stdlib.h>
| # endif
| #endif
| #ifdef HAVE_STRING_H
| # if !defined STDC_HEADERS && defined HAVE_MEMORY_H
| #  include <memory.h>
| # endif
| # include <string.h>
| #endif
| #ifdef HAVE_STRINGS_H
| # include <strings.h>
| #endif
| #ifdef HAVE_INTTYPES_H
| # include <inttypes.h>
| #endif
| #ifdef HAVE_STDINT_H
| # include <stdint.h>
| #endif
| #ifdef HAVE_UNISTD_H
| # include <unistd.h>
| #endif
| int
| main ()
| {
| if (sizeof ((uint32_t)))
| 	  return 0;
|   ;
|   return 0;
| }
configure:5819: result: yes
configure:5831: checking for u_int32_t
configure:5859: gcc -c -g -O2  conftest.c >&5
configure:5866: $? = 0
configure:5893: gcc -c -g -O2  conftest.c >&5
conftest.c: In function 'main':
conftest.c:85:24: error: expected expression before ')' token
 if (sizeof ((u_int32_t)))
                        ^
configure:5900: $? = 1
configure: failed program was:
| /* confdefs.h.  */
| #define PACKAGE_NAME "nrpe"
| #define PACKAGE_TARNAME "nrpe"
| #define PACKAGE_VERSION "2.13"
| #define PACKAGE_STRING "nrpe 2.13"
| #define PACKAGE_BUGREPORT "nagios-users@lists.sourceforge.net"
| #define STDC_HEADERS 1
| #define TIME_WITH_SYS_TIME 1
| #define HAVE_SYS_WAIT_H 1
| #define HAVE_SYS_TYPES_H 1
| #define HAVE_SYS_STAT_H 1
| #define HAVE_STDLIB_H 1
| #define HAVE_STRING_H 1
| #define HAVE_MEMORY_H 1
| #define HAVE_STRINGS_H 1
| #define HAVE_INTTYPES_H 1
| #define HAVE_STDINT_H 1
| #define HAVE_UNISTD_H 1
| #define HAVE_CTYPE_H 1
| #define HAVE_DIRENT_H 1
| #define HAVE_ERRNO_H 1
| #define HAVE_FCNTL_H 1
| #define HAVE_GETOPT_H 1
| #define HAVE_GRP_H 1
| #define HAVE_INTTYPES_H 1
| #define HAVE_NETDB_H 1
| #define HAVE_PWD_H 1
| #define HAVE_SIGNAL_H 1
| #define HAVE_STDINT_H 1
| #define HAVE_STRINGS_H 1
| #define HAVE_STRING_H 1
| #define HAVE_SYSLOG_H 1
| #define HAVE_TCPD_H 1
| #define HAVE_UNISTD_H 1
| #define HAVE_ARPA_INET_H 1
| #define HAVE_NETINET_IN_H 1
| #define HAVE_SYS_TYPES_H 1
| #define HAVE_SYS_TIME_H 1
| #define HAVE_SYS_RESOURCE_H 1
| #define HAVE_SYS_WAIT_H 1
| #define HAVE_SYS_SOCKET_H 1
| #define HAVE_SYS_STAT_H 1
| #define RETSIGTYPE void
| #define GETGROUPS_T gid_t
| #define SIZEOF_INT 4
| #define SIZEOF_SHORT 2
| #define SIZEOF_LONG 8
| /* end confdefs.h.  */
| #include <stdio.h>
| #ifdef HAVE_SYS_TYPES_H
| # include <sys/types.h>
| #endif
| #ifdef HAVE_SYS_STAT_H
| # include <sys/stat.h>
| #endif
| #ifdef STDC_HEADERS
| # include <stdlib.h>
| # include <stddef.h>
| #else
| # ifdef HAVE_STDLIB_H
| #  include <stdlib.h>
| # endif
| #endif
| #ifdef HAVE_STRING_H
| # if !defined STDC_HEADERS && defined HAVE_MEMORY_H
| #  include <memory.h>
| # endif
| # include <string.h>
| #endif
| #ifdef HAVE_STRINGS_H
| # include <strings.h>
| #endif
| #ifdef HAVE_INTTYPES_H
| # include <inttypes.h>
| #endif
| #ifdef HAVE_STDINT_H
| # include <stdint.h>
| #endif
| #ifdef HAVE_UNISTD_H
| # include <unistd.h>
| #endif
| int
| main ()
| {
| if (sizeof ((u_int32_t)))
| 	  return 0;
|   ;
|   return 0;
| }
configure:5923: result: yes
configure:5969: checking for int32_t
configure:5997: gcc -c -g -O2  conftest.c >&5
configure:6004: $? = 0
configure:6031: gcc -c -g -O2  conftest.c >&5
conftest.c: In function 'main':
conftest.c:85:22: error: expected expression before ')' token
 if (sizeof ((int32_t)))
                      ^
configure:6038: $? = 1
configure: failed program was:
| /* confdefs.h.  */
| #define PACKAGE_NAME "nrpe"
| #define PACKAGE_TARNAME "nrpe"
| #define PACKAGE_VERSION "2.13"
| #define PACKAGE_STRING "nrpe 2.13"
| #define PACKAGE_BUGREPORT "nagios-users@lists.sourceforge.net"
| #define STDC_HEADERS 1
| #define TIME_WITH_SYS_TIME 1
| #define HAVE_SYS_WAIT_H 1
| #define HAVE_SYS_TYPES_H 1
| #define HAVE_SYS_STAT_H 1
| #define HAVE_STDLIB_H 1
| #define HAVE_STRING_H 1
| #define HAVE_MEMORY_H 1
| #define HAVE_STRINGS_H 1
| #define HAVE_INTTYPES_H 1
| #define HAVE_STDINT_H 1
| #define HAVE_UNISTD_H 1
| #define HAVE_CTYPE_H 1
| #define HAVE_DIRENT_H 1
| #define HAVE_ERRNO_H 1
| #define HAVE_FCNTL_H 1
| #define HAVE_GETOPT_H 1
| #define HAVE_GRP_H 1
| #define HAVE_INTTYPES_H 1
| #define HAVE_NETDB_H 1
| #define HAVE_PWD_H 1
| #define HAVE_SIGNAL_H 1
| #define HAVE_STDINT_H 1
| #define HAVE_STRINGS_H 1
| #define HAVE_STRING_H 1
| #define HAVE_SYSLOG_H 1
| #define HAVE_TCPD_H 1
| #define HAVE_UNISTD_H 1
| #define HAVE_ARPA_INET_H 1
| #define HAVE_NETINET_IN_H 1
| #define HAVE_SYS_TYPES_H 1
| #define HAVE_SYS_TIME_H 1
| #define HAVE_SYS_RESOURCE_H 1
| #define HAVE_SYS_WAIT_H 1
| #define HAVE_SYS_SOCKET_H 1
| #define HAVE_SYS_STAT_H 1
| #define RETSIGTYPE void
| #define GETGROUPS_T gid_t
| #define SIZEOF_INT 4
| #define SIZEOF_SHORT 2
| #define SIZEOF_LONG 8
| /* end confdefs.h.  */
| #include <stdio.h>
| #ifdef HAVE_SYS_TYPES_H
| # include <sys/types.h>
| #endif
| #ifdef HAVE_SYS_STAT_H
| # include <sys/stat.h>
| #endif
| #ifdef STDC_HEADERS
| # include <stdlib.h>
| # include <stddef.h>
| #else
| # ifdef HAVE_STDLIB_H
| #  include <stdlib.h>
| # endif
| #endif
| #ifdef HAVE_STRING_H
| # if !defined STDC_HEADERS && defined HAVE_MEMORY_H
| #  include <memory.h>
| # endif
| # include <string.h>
| #endif
| #ifdef HAVE_STRINGS_H
| # include <strings.h>
| #endif
| #ifdef HAVE_INTTYPES_H
| # include <inttypes.h>
| #endif
| #ifdef HAVE_STDINT_H
| # include <stdint.h>
| #endif
| #ifdef HAVE_UNISTD_H
| # include <unistd.h>
| #endif
| int
| main ()
| {
| if (sizeof ((int32_t)))
| 	  return 0;
|   ;
|   return 0;
| }
configure:6061: result: yes
configure:6100: checking for va_copy
configure:6128: gcc -o conftest -g -O2   conftest.c  >&5
configure:6135: $? = 0
configure:6155: result: yes
configure:6230: checking for vsnprintf
configure:6286: gcc -o conftest -g -O2   conftest.c  >&5
conftest.c:73:6: warning: conflicting types for built-in function 'vsnprintf' [enabled by default]
 char vsnprintf ();
      ^
configure:6293: $? = 0
configure:6313: result: yes
configure:6321: checking for snprintf
configure:6377: gcc -o conftest -g -O2   conftest.c  >&5
conftest.c:73:6: warning: conflicting types for built-in function 'snprintf' [enabled by default]
 char snprintf ();
      ^
configure:6384: $? = 0
configure:6404: result: yes
configure:6412: checking for asprintf
configure:6468: gcc -o conftest -g -O2   conftest.c  >&5
configure:6475: $? = 0
configure:6495: result: yes
configure:6503: checking for vasprintf
configure:6559: gcc -o conftest -g -O2   conftest.c  >&5
configure:6566: $? = 0
configure:6586: result: yes
configure:6595: checking for C99 vsnprintf
configure:6641: gcc -o conftest -g -O2   conftest.c  >&5
conftest.c: In function 'foo':
conftest.c:61:22: warning: incompatible implicit declaration of built-in function 'exit' [enabled by default]
        if (len != 5) exit(1);
                      ^
conftest.c:68:12: warning: incompatible implicit declaration of built-in function 'snprintf' [enabled by default]
        if (snprintf(buf, 3, "hello") != 5 || strcmp(buf, "he") != 0) exit(1);
            ^
configure:6645: $? = 0
configure:6651: ./conftest
configure:6655: $? = 0
configure:6672: result: yes
configure:6688: checking for getopt_long
configure:6744: gcc -o conftest -g -O2   conftest.c  >&5
configure:6751: $? = 0
configure:6773: result: yes
configure:6857: checking for main in -lnsl
configure:6886: gcc -o conftest -g -O2   conftest.c -lnsl   >&5
configure:6893: $? = 0
configure:6914: result: yes
configure:6920: checking for socket in -lsocket
configure:6955: gcc -o conftest -g -O2   conftest.c -lsocket   >&5
/usr/bin/ld: cannot find -lsocket
collect2: error: ld returned 1 exit status
configure:6962: $? = 1
configure: failed program was:
| /* confdefs.h.  */
| #define PACKAGE_NAME "nrpe"
| #define PACKAGE_TARNAME "nrpe"
| #define PACKAGE_VERSION "2.13"
| #define PACKAGE_STRING "nrpe 2.13"
| #define PACKAGE_BUGREPORT "nagios-users@lists.sourceforge.net"
| #define STDC_HEADERS 1
| #define TIME_WITH_SYS_TIME 1
| #define HAVE_SYS_WAIT_H 1
| #define HAVE_SYS_TYPES_H 1
| #define HAVE_SYS_STAT_H 1
| #define HAVE_STDLIB_H 1
| #define HAVE_STRING_H 1
| #define HAVE_MEMORY_H 1
| #define HAVE_STRINGS_H 1
| #define HAVE_INTTYPES_H 1
| #define HAVE_STDINT_H 1
| #define HAVE_UNISTD_H 1
| #define HAVE_CTYPE_H 1
| #define HAVE_DIRENT_H 1
| #define HAVE_ERRNO_H 1
| #define HAVE_FCNTL_H 1
| #define HAVE_GETOPT_H 1
| #define HAVE_GRP_H 1
| #define HAVE_INTTYPES_H 1
| #define HAVE_NETDB_H 1
| #define HAVE_PWD_H 1
| #define HAVE_SIGNAL_H 1
| #define HAVE_STDINT_H 1
| #define HAVE_STRINGS_H 1
| #define HAVE_STRING_H 1
| #define HAVE_SYSLOG_H 1
| #define HAVE_TCPD_H 1
| #define HAVE_UNISTD_H 1
| #define HAVE_ARPA_INET_H 1
| #define HAVE_NETINET_IN_H 1
| #define HAVE_SYS_TYPES_H 1
| #define HAVE_SYS_TIME_H 1
| #define HAVE_SYS_RESOURCE_H 1
| #define HAVE_SYS_WAIT_H 1
| #define HAVE_SYS_SOCKET_H 1
| #define HAVE_SYS_STAT_H 1
| #define RETSIGTYPE void
| #define GETGROUPS_T gid_t
| #define SIZEOF_INT 4
| #define SIZEOF_SHORT 2
| #define SIZEOF_LONG 8
| #define HAVE_VA_COPY 1
| #define HAVE_C99_VSNPRINTF 1
| #define HAVE_GETOPT_LONG 1
| /* end confdefs.h.  */
| 
| /* Override any GCC internal prototype to avoid an error.
|    Use char because int might match the return type of a GCC
|    builtin and then its argument prototype would still apply.  */
| #ifdef __cplusplus
| extern "C"
| #endif
| char socket ();
| int
| main ()
| {
| return socket ();
|   ;
|   return 0;
| }
configure:6983: result: no
configure:6990: checking for main in -lwrap
configure:7019: gcc -o conftest -g -O2   conftest.c -lwrap   >&5
configure:7026: $? = 0
configure:7047: result: yes
configure:7069: checking for strdup
configure:7125: gcc -o conftest -g -O2   conftest.c  >&5
conftest.c:76:6: warning: conflicting types for built-in function 'strdup' [enabled by default]
 char strdup ();
      ^
configure:7132: $? = 0
configure:7154: result: yes
configure:7069: checking for strstr
configure:7125: gcc -o conftest -g -O2   conftest.c  >&5
conftest.c:77:6: warning: conflicting types for built-in function 'strstr' [enabled by default]
 char strstr ();
      ^
configure:7132: $? = 0
configure:7154: result: yes
configure:7069: checking for strtoul
configure:7125: gcc -o conftest -g -O2   conftest.c  >&5
configure:7132: $? = 0
configure:7154: result: yes
configure:7069: checking for initgroups
configure:7125: gcc -o conftest -g -O2   conftest.c  >&5
configure:7132: $? = 0
configure:7154: result: yes
configure:7069: checking for closesocket
configure:7125: gcc -o conftest -g -O2   conftest.c  >&5
/tmp/ccMAML0X.o: In function `main':
/download/nagiospackages/nrpe-2.14/conftest.c:91: undefined reference to `closesocket'
collect2: error: ld returned 1 exit status
configure:7132: $? = 1
configure: failed program was:
| /* confdefs.h.  */
| #define PACKAGE_NAME "nrpe"
| #define PACKAGE_TARNAME "nrpe"
| #define PACKAGE_VERSION "2.13"
| #define PACKAGE_STRING "nrpe 2.13"
| #define PACKAGE_BUGREPORT "nagios-users@lists.sourceforge.net"
| #define STDC_HEADERS 1
| #define TIME_WITH_SYS_TIME 1
| #define HAVE_SYS_WAIT_H 1
| #define HAVE_SYS_TYPES_H 1
| #define HAVE_SYS_STAT_H 1
| #define HAVE_STDLIB_H 1
| #define HAVE_STRING_H 1
| #define HAVE_MEMORY_H 1
| #define HAVE_STRINGS_H 1
| #define HAVE_INTTYPES_H 1
| #define HAVE_STDINT_H 1
| #define HAVE_UNISTD_H 1
| #define HAVE_CTYPE_H 1
| #define HAVE_DIRENT_H 1
| #define HAVE_ERRNO_H 1
| #define HAVE_FCNTL_H 1
| #define HAVE_GETOPT_H 1
| #define HAVE_GRP_H 1
| #define HAVE_INTTYPES_H 1
| #define HAVE_NETDB_H 1
| #define HAVE_PWD_H 1
| #define HAVE_SIGNAL_H 1
| #define HAVE_STDINT_H 1
| #define HAVE_STRINGS_H 1
| #define HAVE_STRING_H 1
| #define HAVE_SYSLOG_H 1
| #define HAVE_TCPD_H 1
| #define HAVE_UNISTD_H 1
| #define HAVE_ARPA_INET_H 1
| #define HAVE_NETINET_IN_H 1
| #define HAVE_SYS_TYPES_H 1
| #define HAVE_SYS_TIME_H 1
| #define HAVE_SYS_RESOURCE_H 1
| #define HAVE_SYS_WAIT_H 1
| #define HAVE_SYS_SOCKET_H 1
| #define HAVE_SYS_STAT_H 1
| #define RETSIGTYPE void
| #define GETGROUPS_T gid_t
| #define SIZEOF_INT 4
| #define SIZEOF_SHORT 2
| #define SIZEOF_LONG 8
| #define HAVE_VA_COPY 1
| #define HAVE_C99_VSNPRINTF 1
| #define HAVE_GETOPT_LONG 1
| #define HAVE_LIBWRAP 1
| #define HAVE_STRDUP 1
| #define HAVE_STRSTR 1
| #define HAVE_STRTOUL 1
| #define HAVE_INITGROUPS 1
| /* end confdefs.h.  */
| /* Define closesocket to an innocuous variant, in case <limits.h> declares closesocket.
|    For example, HP-UX 11i <limits.h> declares gettimeofday.  */
| #define closesocket innocuous_closesocket
| 
| /* System header to define __stub macros and hopefully few prototypes,
|     which can conflict with char closesocket (); below.
|     Prefer <limits.h> to <assert.h> if __STDC__ is defined, since
|     <limits.h> exists even on freestanding compilers.  */
| 
| #ifdef __STDC__
| # include <limits.h>
| #else
| # include <assert.h>
| #endif
| 
| #undef closesocket
| 
| /* Override any GCC internal prototype to avoid an error.
|    Use char because int might match the return type of a GCC
|    builtin and then its argument prototype would still apply.  */
| #ifdef __cplusplus
| extern "C"
| #endif
| char closesocket ();
| /* The GNU C library defines this for functions which it implements
|     to always fail with ENOSYS.  Some functions are actually named
|     something starting with __ and the normal name is an alias.  */
| #if defined __stub_closesocket || defined __stub___closesocket
| choke me
| #endif
| 
| int
| main ()
| {
| return closesocket ();
|   ;
|   return 0;
| }
configure:7154: result: no
configure:7167: checking for socklen_t
configure:7197: gcc -c -g -O2  conftest.c >&5
configure:7204: $? = 0
configure:7233: gcc -c -g -O2  conftest.c >&5
conftest.c: In function 'main':
conftest.c:63:24: error: expected expression before ')' token
 if (sizeof ((socklen_t)))
                        ^
configure:7240: $? = 1
configure: failed program was:
| /* confdefs.h.  */
| #define PACKAGE_NAME "nrpe"
| #define PACKAGE_TARNAME "nrpe"
| #define PACKAGE_VERSION "2.13"
| #define PACKAGE_STRING "nrpe 2.13"
| #define PACKAGE_BUGREPORT "nagios-users@lists.sourceforge.net"
| #define STDC_HEADERS 1
| #define TIME_WITH_SYS_TIME 1
| #define HAVE_SYS_WAIT_H 1
| #define HAVE_SYS_TYPES_H 1
| #define HAVE_SYS_STAT_H 1
| #define HAVE_STDLIB_H 1
| #define HAVE_STRING_H 1
| #define HAVE_MEMORY_H 1
| #define HAVE_STRINGS_H 1
| #define HAVE_INTTYPES_H 1
| #define HAVE_STDINT_H 1
| #define HAVE_UNISTD_H 1
| #define HAVE_CTYPE_H 1
| #define HAVE_DIRENT_H 1
| #define HAVE_ERRNO_H 1
| #define HAVE_FCNTL_H 1
| #define HAVE_GETOPT_H 1
| #define HAVE_GRP_H 1
| #define HAVE_INTTYPES_H 1
| #define HAVE_NETDB_H 1
| #define HAVE_PWD_H 1
| #define HAVE_SIGNAL_H 1
| #define HAVE_STDINT_H 1
| #define HAVE_STRINGS_H 1
| #define HAVE_STRING_H 1
| #define HAVE_SYSLOG_H 1
| #define HAVE_TCPD_H 1
| #define HAVE_UNISTD_H 1
| #define HAVE_ARPA_INET_H 1
| #define HAVE_NETINET_IN_H 1
| #define HAVE_SYS_TYPES_H 1
| #define HAVE_SYS_TIME_H 1
| #define HAVE_SYS_RESOURCE_H 1
| #define HAVE_SYS_WAIT_H 1
| #define HAVE_SYS_SOCKET_H 1
| #define HAVE_SYS_STAT_H 1
| #define RETSIGTYPE void
| #define GETGROUPS_T gid_t
| #define SIZEOF_INT 4
| #define SIZEOF_SHORT 2
| #define SIZEOF_LONG 8
| #define HAVE_VA_COPY 1
| #define HAVE_C99_VSNPRINTF 1
| #define HAVE_GETOPT_LONG 1
| #define HAVE_LIBWRAP 1
| #define HAVE_STRDUP 1
| #define HAVE_STRSTR 1
| #define HAVE_STRTOUL 1
| #define HAVE_INITGROUPS 1
| /* end confdefs.h.  */
| #include <sys/types.h>
| #include <sys/socket.h>
| 
| int
| main ()
| {
| if (sizeof ((socklen_t)))
| 	  return 0;
|   ;
|   return 0;
| }
configure:7263: result: yes
configure:7359: checking for type of socket size
configure:7385: gcc -c -g -O2  conftest.c >&5
conftest.c: In function 'main':
conftest.c:64:1: warning: passing argument 3 of 'send' makes integer from pointer without a cast [enabled by default]
 int a = send(1, (const void *)0, (size_t *) 0, (int *) 0);
 ^
In file included from conftest.c:59:0:
/usr/include/sys/socket.h:150:16: note: expected 'size_t' but argument is of type 'size_t *'
 extern ssize_t send (int __fd, const void *__buf, size_t __n, int __flags);
                ^
conftest.c:64:1: warning: passing argument 4 of 'send' makes integer from pointer without a cast [enabled by default]
 int a = send(1, (const void *)0, (size_t *) 0, (int *) 0);
 ^
In file included from conftest.c:59:0:
/usr/include/sys/socket.h:150:16: note: expected 'int' but argument is of type 'int *'
 extern ssize_t send (int __fd, const void *__buf, size_t __n, int __flags);
                ^
configure:7392: $? = 0
configure:7401: result: size_t
configure:7471: checking for SSL headers
configure:7512: checking for SSL libraries
configure:7557: checking for Kerberos include files
configure:7706: checking for perl
configure:7724: found /usr/bin/perl
configure:7736: result: /usr/bin/perl
configure:7773: creating ./config.status

## ---------------------- ##
## Running config.status. ##
## ---------------------- ##

This file was extended by nrpe config.status 2.13, which was
generated by GNU Autoconf 2.63.  Invocation command line was

  CONFIG_FILES    = 
  CONFIG_HEADERS  = 
  CONFIG_LINKS    = 
  CONFIG_COMMANDS = 
  $ ./config.status 

on localhost.localdomain

config.status:811: creating Makefile
config.status:811: creating subst
config.status:811: creating src/Makefile
config.status:811: creating package/solaris/Makefile
config.status:811: creating init-script
config.status:811: creating init-script.debian
config.status:811: creating init-script.suse
config.status:811: creating nrpe.spec
config.status:811: creating sample-config/nrpe.cfg
config.status:811: creating sample-config/nrpe.xinetd
config.status:811: creating include/config.h
configure:8934: result: *** Configuration summary for nrpe 2.14 12-21-2012 ***:
configure:8941: result:  NRPE port:    5666
configure:8943: result:  NRPE user:    nagios
configure:8945: result:  NRPE group:   nagios
configure:8947: result:  Nagios user:  nagios
configure:8949: result:  Nagios group: nagcmd

## ---------------- ##
## Cache variables. ##
## ---------------- ##

ac_cv_HAVE_C99_VSNPRINTF=yes
ac_cv_HAVE_VA_COPY=yes
ac_cv_build=x86_64-unknown-linux-gnu
ac_cv_c_compiler_gnu=yes
ac_cv_c_const=yes
ac_cv_env_CC_set=
ac_cv_env_CC_value=
ac_cv_env_CFLAGS_set=
ac_cv_env_CFLAGS_value=
ac_cv_env_CPPFLAGS_set=
ac_cv_env_CPPFLAGS_value=
ac_cv_env_CPP_set=
ac_cv_env_CPP_value=
ac_cv_env_LDFLAGS_set=
ac_cv_env_LDFLAGS_value=
ac_cv_env_LIBS_set=
ac_cv_env_LIBS_value=
ac_cv_env_build_alias_set=
ac_cv_env_build_alias_value=
ac_cv_env_host_alias_set=
ac_cv_env_host_alias_value=
ac_cv_env_target_alias_set=
ac_cv_env_target_alias_value=
ac_cv_func_asprintf=yes
ac_cv_func_closesocket=no
ac_cv_func_getopt_long=yes
ac_cv_func_initgroups=yes
ac_cv_func_snprintf=yes
ac_cv_func_strdup=yes
ac_cv_func_strstr=yes
ac_cv_func_strtoul=yes
ac_cv_func_vasprintf=yes
ac_cv_func_vsnprintf=yes
ac_cv_header_arpa_inet_h=yes
ac_cv_header_ctype_h=yes
ac_cv_header_dirent_h=yes
ac_cv_header_errno_h=yes
ac_cv_header_fcntl_h=yes
ac_cv_header_getopt_h=yes
ac_cv_header_grp_h=yes
ac_cv_header_inttypes_h=yes
ac_cv_header_memory_h=yes
ac_cv_header_netdb_h=yes
ac_cv_header_netinet_in_h=yes
ac_cv_header_pwd_h=yes
ac_cv_header_signal_h=yes
ac_cv_header_socket_h=no
ac_cv_header_stdc=yes
ac_cv_header_stdint_h=yes
ac_cv_header_stdlib_h=yes
ac_cv_header_string_h=yes
ac_cv_header_strings_h=yes
ac_cv_header_sys_resource_h=yes
ac_cv_header_sys_socket_h=yes
ac_cv_header_sys_stat_h=yes
ac_cv_header_sys_time_h=yes
ac_cv_header_sys_types_h=yes
ac_cv_header_sys_wait_h=yes
ac_cv_header_syslog_h=yes
ac_cv_header_tcpd_h=yes
ac_cv_header_time=yes
ac_cv_header_unistd_h=yes
ac_cv_host=x86_64-unknown-linux-gnu
ac_cv_lib_nsl_main=yes
ac_cv_lib_socket_socket=no
ac_cv_lib_wrap_main=yes
ac_cv_objext=o
ac_cv_path_EGREP='/usr/bin/grep -E'
ac_cv_path_GREP=/usr/bin/grep
ac_cv_path_PERL=/usr/bin/perl
ac_cv_path_install='/usr/bin/install -c'
ac_cv_prog_CPP='gcc -E'
ac_cv_prog_ac_ct_CC=gcc
ac_cv_prog_cc_c89=
ac_cv_prog_cc_g=yes
ac_cv_prog_make_make_set=yes
ac_cv_sizeof_int=4
ac_cv_sizeof_long=8
ac_cv_sizeof_short=2
ac_cv_struct_tm=time.h
ac_cv_type_getgroups=gid_t
ac_cv_type_int32_t=yes
ac_cv_type_mode_t=yes
ac_cv_type_pid_t=yes
ac_cv_type_signal=void
ac_cv_type_size_t=yes
ac_cv_type_socklen_t=yes
ac_cv_type_u_int32_t=yes
ac_cv_type_uid_t=yes
ac_cv_type_uint32_t=yes

## ----------------- ##
## Output variables. ##
## ----------------- ##

CC='gcc'
CFLAGS='-g -O2 -I/usr/include/openssl -I/usr/include'
CPP='gcc -E'
CPPFLAGS=''
DEFS='-DHAVE_CONFIG_H'
ECHO_C=''
ECHO_N='-n'
ECHO_T=''
EGREP='/usr/bin/grep -E'
EXEEXT=''
GREP='/usr/bin/grep'
HAVE_SSL=''
INSTALL='/usr/bin/install -c'
INSTALL_DATA='${INSTALL} -m 644'
INSTALL_PROGRAM='${INSTALL}'
INSTALL_SCRIPT='${INSTALL}'
LDFLAGS=' -L/usr/lib64'
LIBOBJS=''
LIBS=' -lssl -lcrypto'
LIBWRAPLIBS=' -lwrap'
LTLIBOBJS=''
NAGIOS_INSTALL_OPTS='-o nagios -g nagcmd'
NRPE_INSTALL_OPTS='-o nagios -g nagios'
OBJEXT='o'
OTHERLIBS=''
PACKAGE_BUGREPORT='nagios-users@lists.sourceforge.net'
PACKAGE_NAME='nrpe'
PACKAGE_STRING='nrpe 2.13'
PACKAGE_TARNAME='nrpe'
PACKAGE_VERSION='2.13'
PATH_SEPARATOR=':'
PERL='/usr/bin/perl'
PKG_HOME_URL='http://www.nagios.org/'
PKG_NAME='nrpe'
PKG_REL_DATE='12-21-2012'
PKG_VERSION='2.14'
RPM_RELEASE='1'
SET_MAKE=''
SHELL='/bin/sh'
SNPRINTF_O=''
SOCKETLIBS=' -lnsl'
TARGET_ARCH='x86_64'
TARGET_OS='Linux'
TARGET_PLATFORM=''
TARGET_VER='3.10.0-229.el7.x86_64'
ac_ct_CC='gcc'
bindir='${exec_prefix}/bin'
build='x86_64-unknown-linux-gnu'
build_alias=''
build_cpu='x86_64'
build_os='linux-gnu'
build_vendor='unknown'
datadir='${datarootdir}'
datarootdir='${prefix}/share'
docdir='${datarootdir}/doc/${PACKAGE_TARNAME}'
dvidir='${docdir}'
exec_prefix='${prefix}'
host='x86_64-unknown-linux-gnu'
host_alias=''
host_cpu='x86_64'
host_os='linux-gnu'
host_vendor='unknown'
htmldir='${docdir}'
includedir='${prefix}/include'
infodir='${datarootdir}/info'
libdir='${exec_prefix}/lib'
libexecdir='${exec_prefix}/libexec'
localedir='${datarootdir}/locale'
localstatedir='${prefix}/var'
log_facility='daemon'
mandir='${datarootdir}/man'
nagios_group='nagcmd'
nagios_user='nagios'
nrpe_group='nagios'
nrpe_port='5666'
nrpe_user='nagios'
oldincludedir='/usr/include'
pdfdir='${docdir}'
prefix='/usr/local/nagios'
program_transform_name='s,x,x,'
psdir='${docdir}'
sbindir='${exec_prefix}/sbin'
sharedstatedir='${prefix}/com'
sysconfdir='${prefix}/etc'
target_alias=''

## ----------- ##
## confdefs.h. ##
## ----------- ##

#define PACKAGE_NAME "nrpe"
#define PACKAGE_TARNAME "nrpe"
#define PACKAGE_VERSION "2.13"
#define PACKAGE_STRING "nrpe 2.13"
#define PACKAGE_BUGREPORT "nagios-users@lists.sourceforge.net"
#define STDC_HEADERS 1
#define TIME_WITH_SYS_TIME 1
#define HAVE_SYS_WAIT_H 1
#define HAVE_SYS_TYPES_H 1
#define HAVE_SYS_STAT_H 1
#define HAVE_STDLIB_H 1
#define HAVE_STRING_H 1
#define HAVE_MEMORY_H 1
#define HAVE_STRINGS_H 1
#define HAVE_INTTYPES_H 1
#define HAVE_STDINT_H 1
#define HAVE_UNISTD_H 1
#define HAVE_CTYPE_H 1
#define HAVE_DIRENT_H 1
#define HAVE_ERRNO_H 1
#define HAVE_FCNTL_H 1
#define HAVE_GETOPT_H 1
#define HAVE_GRP_H 1
#define HAVE_INTTYPES_H 1
#define HAVE_NETDB_H 1
#define HAVE_PWD_H 1
#define HAVE_SIGNAL_H 1
#define HAVE_STDINT_H 1
#define HAVE_STRINGS_H 1
#define HAVE_STRING_H 1
#define HAVE_SYSLOG_H 1
#define HAVE_TCPD_H 1
#define HAVE_UNISTD_H 1
#define HAVE_ARPA_INET_H 1
#define HAVE_NETINET_IN_H 1
#define HAVE_SYS_TYPES_H 1
#define HAVE_SYS_TIME_H 1
#define HAVE_SYS_RESOURCE_H 1
#define HAVE_SYS_WAIT_H 1
#define HAVE_SYS_SOCKET_H 1
#define HAVE_SYS_STAT_H 1
#define RETSIGTYPE void
#define GETGROUPS_T gid_t
#define SIZEOF_INT 4
#define SIZEOF_SHORT 2
#define SIZEOF_LONG 8
#define HAVE_VA_COPY 1
#define HAVE_C99_VSNPRINTF 1
#define HAVE_GETOPT_LONG 1
#define HAVE_LIBWRAP 1
#define HAVE_STRDUP 1
#define HAVE_STRSTR 1
#define HAVE_STRTOUL 1
#define HAVE_INITGROUPS 1
#define SOCKET_SIZE_TYPE size_t
#define HAVE_SSL 1
#define NRPE_LOG_FACILITY "daemon"
#define DEFAULT_SERVER_PORT 5666
#define ENABLE_COMMAND_ARGUMENTS 1

configure: exit 0
